

Started GET "/" for ::1 at 2016-05-24 21:25:21 +0800
Processing by Rails::WelcomeController#index as HTML
  Rendered /Users/Habo/.rvm/gems/ruby-2.2.0/gems/railties-4.2.6/lib/rails/templates/rails/welcome/index.html.erb (2.2ms)
Completed 200 OK in 21ms (Views: 12.8ms | ActiveRecord: 0.0ms)
  [1m[36m (1.0ms)[0m  [1mCREATE TABLE "schema_migrations" ("version" varchar NOT NULL) [0m
  [1m[35m (0.3ms)[0m  select sqlite_version(*)
  [1m[36m (0.8ms)[0m  [1mCREATE UNIQUE INDEX "unique_schema_migrations" ON "schema_migrations" ("version")[0m
  [1m[35mActiveRecord::SchemaMigration Load (0.1ms)[0m  SELECT "schema_migrations".* FROM "schema_migrations"
Migrating to CreateTopics (20160524132735)
  [1m[36m (0.1ms)[0m  [1mbegin transaction[0m
  [1m[35m (0.6ms)[0m  CREATE TABLE "topics" ("id" INTEGER PRIMARY KEY AUTOINCREMENT NOT NULL, "title" varchar, "string" varchar, "description" text, "created_at" datetime NOT NULL, "updated_at" datetime NOT NULL) 
  [1m[36mSQL (0.2ms)[0m  [1mINSERT INTO "schema_migrations" ("version") VALUES (?)[0m  [["version", "20160524132735"]]
  [1m[35m (0.8ms)[0m  commit transaction
  [1m[36mActiveRecord::SchemaMigration Load (0.1ms)[0m  [1mSELECT "schema_migrations".* FROM "schema_migrations"[0m


Started GET "/topics" for ::1 at 2016-05-25 14:25:39 +0800
  [1m[36mActiveRecord::SchemaMigration Load (0.4ms)[0m  [1mSELECT "schema_migrations".* FROM "schema_migrations"[0m
Processing by TopicsController#index as HTML
  [1m[35mTopic Load (0.6ms)[0m  SELECT "topics".* FROM "topics"
  Rendered topics/index.html.erb within layouts/application (4.8ms)
Completed 200 OK in 1535ms (Views: 1522.7ms | ActiveRecord: 0.7ms)


Started GET "/assets/scaffolds.self-a28da0f3d3a5127d8cc0f79dfe1ae1f312958ead1cfcd28d4e1966752168e4bd.css?body=1" for ::1 at 2016-05-25 14:25:41 +0800


Started GET "/assets/application.self-e80e8f2318043e8af94dddc2adad5a4f09739a8ebb323b3ab31cd71d45fd9113.css?body=1" for ::1 at 2016-05-25 14:25:41 +0800


Started GET "/assets/application.self-3b8dabdc891efe46b9a144b400ad69e37d7e5876bdc39dee783419a69d7ca819.js?body=1" for ::1 at 2016-05-25 14:25:41 +0800


Started GET "/topics/new" for ::1 at 2016-05-25 14:26:17 +0800
Processing by TopicsController#new as HTML
  Rendered topics/_form.html.erb (34.8ms)
  Rendered topics/new.html.erb within layouts/application (39.9ms)
Completed 200 OK in 76ms (Views: 69.5ms | ActiveRecord: 0.4ms)


Started POST "/topics" for ::1 at 2016-05-25 14:26:31 +0800
Processing by TopicsController#create as HTML
  Parameters: {"utf8"=>"✓", "authenticity_token"=>"38dz5VHWtvbwuQB92vwkYKqiCRsm6kKtuFs/Ae3fbHtRLXMZpyea/oEVq7eoWbxvBxiO8SsC0Hck5XEMuj7fXA==", "topic"=>{"title"=>"title ", "string"=>"string", "description"=>"description"}, "commit"=>"Create Topic"}
  [1m[36m (0.1ms)[0m  [1mbegin transaction[0m
  [1m[35mSQL (0.8ms)[0m  INSERT INTO "topics" ("title", "string", "description", "created_at", "updated_at") VALUES (?, ?, ?, ?, ?)  [["title", "title "], ["string", "string"], ["description", "description"], ["created_at", "2016-05-25 06:26:31.342489"], ["updated_at", "2016-05-25 06:26:31.342489"]]
  [1m[36m (0.7ms)[0m  [1mcommit transaction[0m
Redirected to http://localhost:3000/topics/1
Completed 302 Found in 13ms (ActiveRecord: 1.5ms)


Started GET "/topics/1" for ::1 at 2016-05-25 14:26:31 +0800
Processing by TopicsController#show as HTML
  Parameters: {"id"=>"1"}
  [1m[35mTopic Load (0.3ms)[0m  SELECT  "topics".* FROM "topics" WHERE "topics"."id" = ? LIMIT 1  [["id", 1]]
  Rendered topics/show.html.erb within layouts/application (0.7ms)
Completed 200 OK in 40ms (Views: 27.2ms | ActiveRecord: 0.3ms)


Started GET "/topics" for ::1 at 2016-05-25 14:26:34 +0800
Processing by TopicsController#index as HTML
  [1m[36mTopic Load (0.2ms)[0m  [1mSELECT "topics".* FROM "topics"[0m
  Rendered topics/index.html.erb within layouts/application (1.5ms)
Completed 200 OK in 16ms (Views: 15.2ms | ActiveRecord: 0.2ms)


Started GET "/topics" for ::1 at 2016-05-25 22:40:28 +0800
  [1m[36mActiveRecord::SchemaMigration Load (0.3ms)[0m  [1mSELECT "schema_migrations".* FROM "schema_migrations"[0m
Processing by TopicsController#index as HTML
  [1m[35mTopic Load (0.4ms)[0m  SELECT "topics".* FROM "topics"
  Rendered topics/index.html.erb within layouts/application (7.5ms)
Completed 200 OK in 224ms (Views: 213.2ms | ActiveRecord: 0.7ms)
  [1m[36mActiveRecord::SchemaMigration Load (0.1ms)[0m  [1mSELECT "schema_migrations".* FROM "schema_migrations"[0m
  [1m[35mActiveRecord::SchemaMigration Load (0.1ms)[0m  SELECT "schema_migrations".* FROM "schema_migrations"


Started GET "/" for ::1 at 2016-05-25 22:46:48 +0800
Processing by Rails::WelcomeController#index as HTML
  Rendered /Users/Habo/.rvm/gems/ruby-2.2.0/gems/railties-4.2.6/lib/rails/templates/rails/welcome/index.html.erb (0.6ms)
Completed 200 OK in 5ms (Views: 4.9ms | ActiveRecord: 0.0ms)


Started GET "/topics" for ::1 at 2016-05-25 22:46:50 +0800
Processing by TopicsController#index as HTML
  [1m[36mTopic Load (0.2ms)[0m  [1mSELECT "topics".* FROM "topics"[0m
  Rendered topics/index.html.erb within layouts/application (4.7ms)
Completed 200 OK in 24ms (Views: 20.9ms | ActiveRecord: 0.4ms)


Started GET "/" for ::1 at 2016-05-25 22:48:21 +0800
Processing by TopicsController#index as HTML
  [1m[35mTopic Load (0.3ms)[0m  SELECT "topics".* FROM "topics"
  Rendered topics/index.html.erb within layouts/application (12.5ms)
Completed 200 OK in 33ms (Views: 30.4ms | ActiveRecord: 0.7ms)


Started GET "/" for ::1 at 2016-05-25 22:52:14 +0800
  [1m[36mActiveRecord::SchemaMigration Load (0.1ms)[0m  [1mSELECT "schema_migrations".* FROM "schema_migrations"[0m
Processing by TopicsController#index as HTML
  [1m[35mTopic Load (0.1ms)[0m  SELECT "topics".* FROM "topics"
  Rendered topics/index.html.erb within layouts/application (6.8ms)
Completed 200 OK in 214ms (Views: 204.3ms | ActiveRecord: 0.4ms)


Started GET "/assets/scaffolds.self-a28da0f3d3a5127d8cc0f79dfe1ae1f312958ead1cfcd28d4e1966752168e4bd.css?body=1" for ::1 at 2016-05-25 22:52:14 +0800


Started GET "/assets/application.self-e80e8f2318043e8af94dddc2adad5a4f09739a8ebb323b3ab31cd71d45fd9113.css?body=1" for ::1 at 2016-05-25 22:52:14 +0800


Started GET "/assets/topics.self-e3b0c44298fc1c149afbf4c8996fb92427ae41e4649b934ca495991b7852b855.css?body=1" for ::1 at 2016-05-25 22:52:14 +0800


Started GET "/assets/topics.self-877aef30ae1b040ab8a3aba4e3e309a11d7f2612f44dde450b5c157aa5f95c05.js?body=1" for ::1 at 2016-05-25 22:52:14 +0800


Started GET "/assets/jquery.self-660adc51e0224b731d29f575a6f1ec167ba08ad06ed5deca4f1e8654c135bf4c.js?body=1" for ::1 at 2016-05-25 22:52:14 +0800


Started GET "/assets/turbolinks.self-c37727e9bd6b2735da5c311aa83fead54ed0be6cc8bd9a65309e9c5abe2cbfff.js?body=1" for ::1 at 2016-05-25 22:52:14 +0800


Started GET "/assets/jquery_ujs.self-e87806d0cf4489aeb1bb7288016024e8de67fd18db693fe026fe3907581e53cd.js?body=1" for ::1 at 2016-05-25 22:52:14 +0800


Started GET "/assets/application.self-3b8dabdc891efe46b9a144b400ad69e37d7e5876bdc39dee783419a69d7ca819.js?body=1" for ::1 at 2016-05-25 22:52:14 +0800
  [1m[36mActiveRecord::SchemaMigration Load (0.1ms)[0m  [1mSELECT "schema_migrations".* FROM "schema_migrations"[0m
Migrating to CreateVotes (20160525145239)
  [1m[35m (0.1ms)[0m  begin transaction
  [1m[36m (0.3ms)[0m  [1mCREATE TABLE "votes" ("id" INTEGER PRIMARY KEY AUTOINCREMENT NOT NULL, "topic_id" integer, "created_at" datetime NOT NULL, "updated_at" datetime NOT NULL) [0m
  [1m[35mSQL (0.2ms)[0m  INSERT INTO "schema_migrations" ("version") VALUES (?)  [["version", "20160525145239"]]
  [1m[36m (0.6ms)[0m  [1mcommit transaction[0m
  [1m[35mActiveRecord::SchemaMigration Load (0.1ms)[0m  SELECT "schema_migrations".* FROM "schema_migrations"
